<?xml version='1.0'?>
<ns2:test-suite xmlns:ns2='urn:model.allure.qatools.yandex.ru' start='1620003930010' stop='1620003930050'>
    <name>Ecommerce Product Flows</name>
    <title>Ecommerce Product Flows</title>
    <test-cases>
        <test-case start='1620003930024' status='broken' stop='1620003930031'>
            <name>Product Detail Description</name>
            <title>Product Detail Description</title>
            <labels>
                <label name='language' value='javascript'/>
                <label name='framework' value='wdio'/>
                <label name='thread' value='0-1'/>
            </labels>
            <parameters>
                <parameter kind='argument' name='browser' value='chrome-90.0.4430.93'/>
            </parameters>
            <steps>
                <step start='1620003930029' status='broken' stop='1620003930030'>
                    <name>Given I am in the "shop" page</name>
                    <title>Given I am in the "shop" page</title>
                    <attachments/>
                    <steps/>
                </step>
                <step start='1620003930031' status='canceled' stop='1620003930031'>
                    <name>When I click on an album</name>
                    <title>When I click on an album</title>
                    <attachments/>
                    <steps/>
                </step>
                <step start='1620003930032' status='canceled' stop='1620003930032'>
                    <name>Then I should see product detail page</name>
                    <title>Then I should see product detail page</title>
                    <attachments/>
                    <steps/>
                </step>
                <step start='1620003930032' status='canceled' stop='1620003930032'>
                    <name>And I should see product descripiton</name>
                    <title>And I should see product descripiton</title>
                    <attachments/>
                    <steps/>
                </step>
                <step start='1620003930032' status='canceled' stop='1620003930032'>
                    <name>And I should see related products</name>
                    <title>And I should see related products</title>
                    <attachments/>
                    <steps/>
                </step>
            </steps>
            <attachments/>
            <failure>
                <message>Step "I am in the "shop" page" is not defined. You can ignore this error by setting cucumberOpts.ignoreUndefinedDefinitions as true.</message>
                <stack-trace>Step "I am in the "shop" page" is not defined. You can ignore this error by setting cucumberOpts.ignoreUndefinedDefinitions as true.
                	at Feature(/Users/david.murillo/Documents/wdio-testing/features/feature_files/products.feature):1:1
                	at Scenario(Product Detail Description):6:3
                </stack-trace>
            </failure>
        </test-case>
        <test-case start='1620003930035' status='broken' stop='1620003930036'>
            <name>Product Detail Review Form</name>
            <title>Product Detail Review Form</title>
            <labels>
                <label name='language' value='javascript'/>
                <label name='framework' value='wdio'/>
                <label name='thread' value='0-1'/>
            </labels>
            <parameters>
                <parameter kind='argument' name='browser' value='chrome-90.0.4430.93'/>
            </parameters>
            <steps>
                <step start='1620003930036' status='broken' stop='1620003930036'>
                    <name>Given I am in the "shop" page</name>
                    <title>Given I am in the "shop" page</title>
                    <attachments/>
                    <steps/>
                </step>
                <step start='1620003930036' status='canceled' stop='1620003930036'>
                    <name>When I click on an album</name>
                    <title>When I click on an album</title>
                    <attachments/>
                    <steps/>
                </step>
                <step start='1620003930036' status='canceled' stop='1620003930036'>
                    <name>And I click on a product review tab</name>
                    <title>And I click on a product review tab</title>
                    <attachments/>
                    <steps/>
                </step>
                <step start='1620003930036' status='broken' stop='1620003930036'>
                    <name>Then review form is displayed</name>
                    <title>Then review form is displayed</title>
                    <attachments/>
                    <steps/>
                </step>
            </steps>
            <attachments/>
            <failure>
                <message>Step "review form is displayed" is not defined. You can ignore this error by setting cucumberOpts.ignoreUndefinedDefinitions as true.</message>
                <stack-trace>Step "review form is displayed" is not defined. You can ignore this error by setting cucumberOpts.ignoreUndefinedDefinitions as true.
                	at Feature(/Users/david.murillo/Documents/wdio-testing/features/feature_files/products.feature):1:1
                	at Scenario(Product Detail Review Form):12:3
                	at Step(review form is displayed):15:5
                </stack-trace>
            </failure>
        </test-case>
        <test-case start='1620003930039' status='broken' stop='1620003930041'>
            <name>Product Detail Add New Review</name>
            <title>Product Detail Add New Review</title>
            <labels>
                <label name='language' value='javascript'/>
                <label name='framework' value='wdio'/>
                <label name='thread' value='0-1'/>
            </labels>
            <parameters>
                <parameter kind='argument' name='browser' value='chrome-90.0.4430.93'/>
            </parameters>
            <steps>
                <step start='1620003930039' status='broken' stop='1620003930040'>
                    <name>Given I am in the "shop" page</name>
                    <title>Given I am in the "shop" page</title>
                    <attachments/>
                    <steps/>
                </step>
                <step start='1620003930040' status='canceled' stop='1620003930040'>
                    <name>When I click on an album</name>
                    <title>When I click on an album</title>
                    <attachments/>
                    <steps/>
                </step>
                <step start='1620003930040' status='broken' stop='1620003930040'>
                    <name>And I click on a product review button</name>
                    <title>And I click on a product review button</title>
                    <attachments/>
                    <steps/>
                </step>
                <step start='1620003930040' status='canceled' stop='1620003930040'>
                    <name>And I fill the form</name>
                    <title>And I fill the form</title>
                    <attachments/>
                    <steps/>
                </step>
                <step start='1620003930040' status='canceled' stop='1620003930040'>
                    <name>And I click on submit</name>
                    <title>And I click on submit</title>
                    <attachments/>
                    <steps/>
                </step>
                <step start='1620003930041' status='broken' stop='1620003930041'>
                    <name>Then the review is displayed on screen</name>
                    <title>Then the review is displayed on screen</title>
                    <attachments/>
                    <steps/>
                </step>
            </steps>
            <attachments/>
            <failure>
                <message>Step "the review is displayed on screen" is not defined. You can ignore this error by setting cucumberOpts.ignoreUndefinedDefinitions as true.</message>
                <stack-trace>Step "the review is displayed on screen" is not defined. You can ignore this error by setting cucumberOpts.ignoreUndefinedDefinitions as true.
                	at Feature(/Users/david.murillo/Documents/wdio-testing/features/feature_files/products.feature):1:1
                	at Scenario(Product Detail Add New Review):17:3
                	at Step(the review is displayed on screen):22:5
                </stack-trace>
            </failure>
        </test-case>
        <test-case start='1620003930042' status='broken' stop='1620003930044'>
            <name>Add 2 albums from product detail to cart</name>
            <title>Add 2 albums from product detail to cart</title>
            <labels>
                <label name='language' value='javascript'/>
                <label name='framework' value='wdio'/>
                <label name='thread' value='0-1'/>
            </labels>
            <parameters>
                <parameter kind='argument' name='browser' value='chrome-90.0.4430.93'/>
            </parameters>
            <steps>
                <step start='1620003930043' status='broken' stop='1620003930043'>
                    <name>Given I am in the "shop" page</name>
                    <title>Given I am in the "shop" page</title>
                    <attachments/>
                    <steps/>
                </step>
                <step start='1620003930043' status='canceled' stop='1620003930043'>
                    <name>When I click on an album</name>
                    <title>When I click on an album</title>
                    <attachments/>
                    <steps/>
                </step>
                <step start='1620003930043' status='broken' stop='1620003930044'>
                    <name>And I set quantity 2</name>
                    <title>And I set quantity 2</title>
                    <attachments/>
                    <steps/>
                </step>
                <step start='1620003930044' status='broken' stop='1620003930044'>
                    <name>And I click add to cart</name>
                    <title>And I click add to cart</title>
                    <attachments/>
                    <steps/>
                </step>
                <step start='1620003930044' status='broken' stop='1620003930044'>
                    <name>Then The item is displayed on the cart modal</name>
                    <title>Then The item is displayed on the cart modal</title>
                    <attachments/>
                    <steps/>
                </step>
            </steps>
            <attachments/>
            <failure>
                <message>Step "The item is displayed on the cart modal" is not defined. You can ignore this error by setting cucumberOpts.ignoreUndefinedDefinitions as true.</message>
                <stack-trace>Step "The item is displayed on the cart modal" is not defined. You can ignore this error by setting cucumberOpts.ignoreUndefinedDefinitions as true.
                	at Feature(/Users/david.murillo/Documents/wdio-testing/features/feature_files/products.feature):1:1
                	at Scenario(Add 2 albums from product detail to cart):24:3
                	at Step(The item is displayed on the cart modal):28:5
                </stack-trace>
            </failure>
        </test-case>
        <test-case start='1620003930046' status='broken' stop='1620003930047'>
            <name>Add album from shop page</name>
            <title>Add album from shop page</title>
            <labels>
                <label name='language' value='javascript'/>
                <label name='framework' value='wdio'/>
                <label name='thread' value='0-1'/>
            </labels>
            <parameters>
                <parameter kind='argument' name='browser' value='chrome-90.0.4430.93'/>
            </parameters>
            <steps>
                <step start='1620003930046' status='broken' stop='1620003930047'>
                    <name>Given I am in the "shop" page</name>
                    <title>Given I am in the "shop" page</title>
                    <attachments/>
                    <steps/>
                </step>
                <step start='1620003930047' status='broken' stop='1620003930047'>
                    <name>When I click on the add to cart button from the album product</name>
                    <title>When I click on the add to cart button from the album product</title>
                    <attachments/>
                    <steps/>
                </step>
            </steps>
            <attachments/>
            <failure>
                <message>Step "I click on the add to cart button from the album product" is not defined. You can ignore this error by setting cucumberOpts.ignoreUndefinedDefinitions as true.</message>
                <stack-trace>Step "I click on the add to cart button from the album product" is not defined. You can ignore this error by setting cucumberOpts.ignoreUndefinedDefinitions as true.
                	at Feature(/Users/david.murillo/Documents/wdio-testing/features/feature_files/products.feature):1:1
                	at Scenario(Add album from shop page):30:3
                	at Step(I click on the add to cart button from the album product):31:5
                </stack-trace>
            </failure>
        </test-case>
    </test-cases>
</ns2:test-suite>