<?xml version='1.0'?>
<ns2:test-suite xmlns:ns2='urn:model.allure.qatools.yandex.ru' start='1618256610061' stop='1618256610082'>
    <name>Login Flows</name>
    <title>Login Flows</title>
    <test-cases>
        <test-case start='1618256610070' status='broken' stop='1618256610075'>
            <name>As a user, I can log into the system</name>
            <title>As a user, I can log into the system</title>
            <labels>
                <label name='language' value='javascript'/>
                <label name='framework' value='wdio'/>
                <label name='thread' value='0-1'/>
            </labels>
            <parameters>
                <parameter kind='argument' name='browser' value='chrome-89.0.4389.114'/>
            </parameters>
            <steps>
                <step start='1618256610073' status='broken' stop='1618256610075'>
                    <name>Given I am on the login page</name>
                    <title>Given I am on the login page</title>
                    <attachments/>
                    <steps/>
                </step>
                <step start='1618256610075' status='broken' stop='1618256610075'>
                    <name>When I login with standard_user and secret_sauce</name>
                    <title>When I login with standard_user and secret_sauce</title>
                    <attachments/>
                    <steps/>
                </step>
                <step start='1618256610075' status='broken' stop='1618256610075'>
                    <name>Then inventory page is displayed</name>
                    <title>Then inventory page is displayed</title>
                    <attachments/>
                    <steps/>
                </step>
            </steps>
            <attachments/>
            <failure>
                <message>Step "inventory page is displayed" is not defined. You can ignore this error by setting cucumberOpts.ignoreUndefinedDefinitions as true.</message>
                <stack-trace>Step "inventory page is displayed" is not defined. You can ignore this error by setting cucumberOpts.ignoreUndefinedDefinitions as true.
                	at Feature(/Users/david.murillo/Documents/wdio-testing/features/feature_files/login.feature):1:1
                	at Scenario(As a user, I can log into the system):3:3
                	at Step(inventory page is displayed):7:5
                </stack-trace>
            </failure>
        </test-case>
        <test-case start='1618256610078' status='broken' stop='1618256610080'>
            <name>Login Negative Scenarios</name>
            <title>Login Negative Scenarios</title>
            <labels>
                <label name='language' value='javascript'/>
                <label name='framework' value='wdio'/>
                <label name='thread' value='0-1'/>
            </labels>
            <parameters>
                <parameter kind='argument' name='browser' value='chrome-89.0.4389.114'/>
            </parameters>
            <steps>
                <step start='1618256610079' status='broken' stop='1618256610079'>
                    <name>Given I am on the login page</name>
                    <title>Given I am on the login page</title>
                    <attachments/>
                    <steps/>
                </step>
                <step start='1618256610079' status='broken' stop='1618256610079'>
                    <name>When I login with tomsmith and SuperSecretPassword!</name>
                    <title>When I login with tomsmith and SuperSecretPassword!</title>
                    <attachments/>
                    <steps/>
                </step>
                <step start='1618256610079' status='broken' stop='1618256610080'>
                    <name>Then I should see an error message saying Epic sadface: Username and password do not match any user in this service</name>
                    <title>Then I should see an error message saying Epic sadface: Username and password do not match any user in this service</title>
                    <attachments/>
                    <steps/>
                </step>
            </steps>
            <attachments/>
            <failure>
                <message>Step "I should see an error message saying Epic sadface: Username and password do not match any user in this service" is not defined. You can ignore this error by setting cucumberOpts.ignoreUndefinedDefinitions as true.</message>
                <stack-trace>Step "I should see an error message saying Epic sadface: Username and password do not match any user in this service" is not defined. You can ignore this error by setting cucumberOpts.ignoreUndefinedDefinitions as true.
                	at Feature(/Users/david.murillo/Documents/wdio-testing/features/feature_files/login.feature):1:1
                	at Scenario(Login Negative Scenarios):13:3
                	at Step(I should see an error message saying &lt;message>):17:5
                </stack-trace>
            </failure>
        </test-case>
    </test-cases>
</ns2:test-suite>